<?xml version="1.0" encoding="UTF-8"?>
<testng-results ignored="0" total="8" passed="8" failed="0" skipped="0">
  <reporter-output>
  </reporter-output>
  <suite started-at="2024-11-18T18:20:17 IST" name="Default suite" finished-at="2024-11-18T18:22:28 IST" duration-ms="130798">
    <groups>
      <group name="cucumber">
        <method signature="AbstractTestNGCucumberTests.runScenario(io.cucumber.testng.PickleWrapper,io.cucumber.testng.FeatureWrapper)[pri:0, instance:com.nagarro.cucumber_assignment.testRunner.RunCucumberTest@707194ba]" name="runScenario" class="io.cucumber.testng.AbstractTestNGCucumberTests"/>
      </group> <!-- cucumber -->
    </groups>
    <test started-at="2024-11-18T18:20:17 IST" name="Default test" finished-at="2024-11-18T18:22:28 IST" duration-ms="130798">
      <class name="com.nagarro.cucumber_assignment.testRunner.RunCucumberTest">
        <test-method is-config="true" signature="setUpClass(org.testng.ITestContext)[pri:0, instance:com.nagarro.cucumber_assignment.testRunner.RunCucumberTest@707194ba]" started-at="2024-11-18T18:20:17 IST" name="setUpClass" finished-at="2024-11-18T18:20:18 IST" duration-ms="1549" status="PASS">
          <params>
            <param index="0">
              <value>
                <![CDATA[org.testng.TestRunner@2a11ae0b]]>
              </value>
            </param>
          </params>
          <reporter-output>
          </reporter-output>
        </test-method> <!-- setUpClass -->
        <test-method signature="runScenario(io.cucumber.testng.PickleWrapper,io.cucumber.testng.FeatureWrapper)[pri:0, instance:com.nagarro.cucumber_assignment.testRunner.RunCucumberTest@707194ba]" started-at="2024-11-18T18:20:18 IST" name="runScenario" description="Runs Cucumber Scenarios" data-provider="scenarios" finished-at="2024-11-18T18:20:37 IST" duration-ms="18510" status="PASS">
          <params>
            <param index="0">
              <value>
                <![CDATA["Verify Home Page Title"]]>
              </value>
            </param>
            <param index="1">
              <value>
                <![CDATA["Home Page Functionality"]]>
              </value>
            </param>
          </params>
          <reporter-output>
          </reporter-output>
        </test-method> <!-- runScenario -->
        <test-method signature="runScenario(io.cucumber.testng.PickleWrapper,io.cucumber.testng.FeatureWrapper)[pri:0, instance:com.nagarro.cucumber_assignment.testRunner.RunCucumberTest@707194ba]" started-at="2024-11-18T18:20:37 IST" name="runScenario" description="Runs Cucumber Scenarios" data-provider="scenarios" finished-at="2024-11-18T18:20:47 IST" duration-ms="10413" status="PASS">
          <params>
            <param index="0">
              <value>
                <![CDATA["Verify Hamburger Menu Visibility"]]>
              </value>
            </param>
            <param index="1">
              <value>
                <![CDATA["Home Page Functionality"]]>
              </value>
            </param>
          </params>
          <reporter-output>
          </reporter-output>
        </test-method> <!-- runScenario -->
        <test-method signature="runScenario(io.cucumber.testng.PickleWrapper,io.cucumber.testng.FeatureWrapper)[pri:0, instance:com.nagarro.cucumber_assignment.testRunner.RunCucumberTest@707194ba]" started-at="2024-11-18T18:20:47 IST" name="runScenario" description="Runs Cucumber Scenarios" data-provider="scenarios" finished-at="2024-11-18T18:21:00 IST" duration-ms="12229" status="PASS">
          <params>
            <param index="0">
              <value>
                <![CDATA["Verify Navigation to Customer Service Page"]]>
              </value>
            </param>
            <param index="1">
              <value>
                <![CDATA["Home Page Functionality"]]>
              </value>
            </param>
          </params>
          <reporter-output>
          </reporter-output>
        </test-method> <!-- runScenario -->
        <test-method signature="runScenario(io.cucumber.testng.PickleWrapper,io.cucumber.testng.FeatureWrapper)[pri:0, instance:com.nagarro.cucumber_assignment.testRunner.RunCucumberTest@707194ba]" started-at="2024-11-18T18:21:00 IST" name="runScenario" description="Runs Cucumber Scenarios" data-provider="scenarios" finished-at="2024-11-18T18:21:19 IST" duration-ms="19971" status="PASS">
          <params>
            <param index="0">
              <value>
                <![CDATA["Successful Login with valid credentials"]]>
              </value>
            </param>
            <param index="1">
              <value>
                <![CDATA["Amazon Login Page Functionality"]]>
              </value>
            </param>
          </params>
          <reporter-output>
          </reporter-output>
        </test-method> <!-- runScenario -->
        <test-method signature="runScenario(io.cucumber.testng.PickleWrapper,io.cucumber.testng.FeatureWrapper)[pri:0, instance:com.nagarro.cucumber_assignment.testRunner.RunCucumberTest@707194ba]" started-at="2024-11-18T18:21:19 IST" name="runScenario" description="Runs Cucumber Scenarios" data-provider="scenarios" finished-at="2024-11-18T18:21:34 IST" duration-ms="14166" status="PASS">
          <params>
            <param index="0">
              <value>
                <![CDATA["Blank Email and Get Error Message"]]>
              </value>
            </param>
            <param index="1">
              <value>
                <![CDATA["Amazon Login Page Functionality"]]>
              </value>
            </param>
          </params>
          <reporter-output>
          </reporter-output>
        </test-method> <!-- runScenario -->
        <test-method signature="runScenario(io.cucumber.testng.PickleWrapper,io.cucumber.testng.FeatureWrapper)[pri:0, instance:com.nagarro.cucumber_assignment.testRunner.RunCucumberTest@707194ba]" started-at="2024-11-18T18:21:34 IST" name="runScenario" description="Runs Cucumber Scenarios" data-provider="scenarios" finished-at="2024-11-18T18:21:56 IST" duration-ms="21928" status="PASS">
          <params>
            <param index="0">
              <value>
                <![CDATA["Blank Passwor and Get Error Message"]]>
              </value>
            </param>
            <param index="1">
              <value>
                <![CDATA["Amazon Login Page Functionality"]]>
              </value>
            </param>
          </params>
          <reporter-output>
          </reporter-output>
        </test-method> <!-- runScenario -->
        <test-method signature="runScenario(io.cucumber.testng.PickleWrapper,io.cucumber.testng.FeatureWrapper)[pri:0, instance:com.nagarro.cucumber_assignment.testRunner.RunCucumberTest@707194ba]" started-at="2024-11-18T18:21:56 IST" name="runScenario" description="Runs Cucumber Scenarios" data-provider="scenarios" finished-at="2024-11-18T18:22:08 IST" duration-ms="12752" status="PASS">
          <params>
            <param index="0">
              <value>
                <![CDATA["Search an Item through Search Box and Navigate to the Search Results Page"]]>
              </value>
            </param>
            <param index="1">
              <value>
                <![CDATA["Search Page Functionality"]]>
              </value>
            </param>
          </params>
          <reporter-output>
          </reporter-output>
        </test-method> <!-- runScenario -->
        <test-method signature="runScenario(io.cucumber.testng.PickleWrapper,io.cucumber.testng.FeatureWrapper)[pri:0, instance:com.nagarro.cucumber_assignment.testRunner.RunCucumberTest@707194ba]" started-at="2024-11-18T18:22:08 IST" name="runScenario" description="Runs Cucumber Scenarios" data-provider="scenarios" finished-at="2024-11-18T18:22:27 IST" duration-ms="19148" status="PASS">
          <params>
            <param index="0">
              <value>
                <![CDATA["Search an item and add it to the cart"]]>
              </value>
            </param>
            <param index="1">
              <value>
                <![CDATA["Search Page Functionality"]]>
              </value>
            </param>
          </params>
          <reporter-output>
          </reporter-output>
        </test-method> <!-- runScenario -->
        <test-method is-config="true" signature="tearDownClass()[pri:0, instance:com.nagarro.cucumber_assignment.testRunner.RunCucumberTest@707194ba]" started-at="2024-11-18T18:22:27 IST" name="tearDownClass" finished-at="2024-11-18T18:22:28 IST" duration-ms="53" status="PASS">
          <reporter-output>
          </reporter-output>
        </test-method> <!-- tearDownClass -->
      </class> <!-- com.nagarro.cucumber_assignment.testRunner.RunCucumberTest -->
    </test> <!-- Default test -->
  </suite> <!-- Default suite -->
</testng-results>
